# JRE version: OpenJDK Runtime Environment Temurin-19.0.2+7 (19.0.2+7) (build 19.0.2+7)
# Java VM: OpenJDK 64-Bit Server VM Temurin-19.0.2+7 (19.0.2+7, mixed mode, sharing, tiered, compressed oops, compressed class ptrs, g1 gc, windows-amd64)
GC Precious Log:
 CardTable entry size: 512
 Card Set container configuration: InlinePtr #cards 5 size 8 Array Of Cards #cards 12 size 40 Howl #buckets 4 coarsen threshold 1843 Howl Bitmap #cards 512 size 80 coarsen threshold 460 Card regions per heap region 1 cards per card region 2048
 CPUs: 8 total, 8 available
 Memory: 7834M
 Large Page Support: Disabled
 NUMA Support: Disabled
 Compressed Oops: Enabled (32-bit)
 Heap Region Size: 1M
 Heap Min Capacity: 8M
 Heap Initial Capacity: 124M
 Heap Max Capacity: 1G
 Pre-touch: Disabled
 Parallel Workers: 8
 Concurrent Workers: 2
 Concurrent Refinement Workers: 8
 Periodic GC: Disabled
 String Deduplication is enabled
Heap:
 garbage-first heap   total 66560K, used 41470K [0x00000000c0000000, 0x0000000100000000)
  region size 1024K, 7 young (7168K), 3 survivors (3072K)
 Metaspace       used 25310K, committed 26048K, reserved 1114112K
  class space    used 2509K, committed 2816K, reserved 1048576K
GC Heap History (14 events):
Event: 1.760 GC heap before
{Heap before GC invocations=0 (full 0):
 garbage-first heap   total 126976K, used 23552K [0x00000000c0000000, 0x0000000100000000)
  region size 1024K, 23 young (23552K), 0 survivors (0K)
 Metaspace       used 6906K, committed 7104K, reserved 1114112K
  class space    used 676K, committed 768K, reserved 1048576K
}
Event: 1.772 GC heap after
{Heap after GC invocations=1 (full 0):
 garbage-first heap   total 126976K, used 3870K [0x00000000c0000000, 0x0000000100000000)
  region size 1024K, 3 young (3072K), 3 survivors (3072K)
 Metaspace       used 6906K, committed 7104K, reserved 1114112K
  class space    used 676K, committed 768K, reserved 1048576K
}
Event: 4.252 GC heap before
{Heap before GC invocations=1 (full 0):
 garbage-first heap   total 126976K, used 45854K [0x00000000c0000000, 0x0000000100000000)
  region size 1024K, 33 young (33792K), 3 survivors (3072K)
 Metaspace       used 16045K, committed 16640K, reserved 1114112K
  class space    used 1627K, committed 1856K, reserved 1048576K
}
Event: 4.259 GC heap after
{Heap after GC invocations=2 (full 0):
 garbage-first heap   total 126976K, used 11066K [0x00000000c0000000, 0x0000000100000000)
  region size 1024K, 4 young (4096K), 4 survivors (4096K)
 Metaspace       used 16045K, committed 16640K, reserved 1114112K
  class space    used 1627K, committed 1856K, reserved 1048576K
}
Event: 22.923 GC heap before
{Heap before GC invocations=2 (full 0):
 garbage-first heap   total 126976K, used 34618K [0x00000000c0000000, 0x0000000100000000)
  region size 1024K, 28 young (28672K), 4 survivors (4096K)
 Metaspace       used 20911K, committed 21504K, reserved 1114112K
  class space    used 2220K, committed 2496K, reserved 1048576K
}
Event: 23.226 GC heap after
{Heap after GC invocations=3 (full 0):
 garbage-first heap   total 126976K, used 17025K [0x00000000c0000000, 0x0000000100000000)
  region size 1024K, 10 young (10240K), 10 survivors (10240K)
 Metaspace       used 20911K, committed 21504K, reserved 1114112K
  class space    used 2220K, committed 2496K, reserved 1048576K
}
Event: 27.294 GC heap before
{Heap before GC invocations=4 (full 0):
 garbage-first heap   total 61440K, used 28289K [0x00000000c0000000, 0x0000000100000000)
  region size 1024K, 22 young (22528K), 10 survivors (10240K)
 Metaspace       used 23640K, committed 24320K, reserved 1114112K
  class space    used 2453K, committed 2752K, reserved 1048576K
}
Event: 27.300 GC heap after
{Heap after GC invocations=5 (full 0):
 garbage-first heap   total 61440K, used 21251K [0x00000000c0000000, 0x0000000100000000)
  region size 1024K, 3 young (3072K), 3 survivors (3072K)
 Metaspace       used 23640K, committed 24320K, reserved 1114112K
  class space    used 2453K, committed 2752K, reserved 1048576K
}
Event: 27.326 GC heap before
{Heap before GC invocations=5 (full 0):
 garbage-first heap   total 61440K, used 22275K [0x00000000c0000000, 0x0000000100000000)
  region size 1024K, 4 young (4096K), 3 survivors (3072K)
 Metaspace       used 23898K, committed 24576K, reserved 1114112K
  class space    used 2456K, committed 2752K, reserved 1048576K
}
Event: 27.328 GC heap after
{Heap after GC invocations=6 (full 0):
 garbage-first heap   total 61440K, used 21509K [0x00000000c0000000, 0x0000000100000000)
  region size 1024K, 1 young (1024K), 1 survivors (1024K)
 Metaspace       used 23898K, committed 24576K, reserved 1114112K
  class space    used 2456K, committed 2752K, reserved 1048576K
}
Event: 27.820 GC heap before
{Heap before GC invocations=6 (full 0):
 garbage-first heap   total 61440K, used 47109K [0x00000000c0000000, 0x0000000100000000)
  region size 1024K, 21 young (21504K), 1 survivors (1024K)
 Metaspace       used 24896K, committed 25536K, reserved 1114112K
  class space    used 2474K, committed 2752K, reserved 1048576K
}
Event: 27.825 GC heap after
{Heap after GC invocations=7 (full 0):
 garbage-first heap   total 61440K, used 31697K [0x00000000c0000000, 0x0000000100000000)
  region size 1024K, 3 young (3072K), 3 survivors (3072K)
 Metaspace       used 24896K, committed 25536K, reserved 1114112K
  class space    used 2474K, committed 2752K, reserved 1048576K
}
Event: 28.100 GC heap before
{Heap before GC invocations=7 (full 0):
 garbage-first heap   total 61440K, used 46033K [0x00000000c0000000, 0x0000000100000000)
  region size 1024K, 17 young (17408K), 3 survivors (3072K)
 Metaspace       used 25015K, committed 25664K, reserved 1114112K
  class space    used 2474K, committed 2752K, reserved 1048576K
}
Event: 28.108 GC heap after
{Heap after GC invocations=8 (full 0):
 garbage-first heap   total 61440K, used 38398K [0x00000000c0000000, 0x0000000100000000)
  region size 1024K, 3 young (3072K), 3 survivors (3072K)
 Metaspace       used 25015K, committed 25664K, reserved 1114112K
  class space    used 2474K, committed 2752K, reserved 1048576K
}

